This file contains any messages produced by compilers while
running configure, to aid debugging if configure makes a mistake.

It was created by jdepp configure 2022-03-18, which was
generated by GNU Autoconf 2.71.  Invocation command line was

  $ ./configure --with-corpus=knbc --with-postagger=mecab --with-mecab-dict=IPA

## --------- ##
## Platform. ##
## --------- ##

hostname = Tims-MacBook-Air.local
uname -m = arm64
uname -r = 23.2.0
uname -s = Darwin
uname -v = Darwin Kernel Version 23.2.0: Wed Nov 15 21:53:34 PST 2023; root:xnu-10002.61.3~2/RELEASE_ARM64_T8103

/usr/bin/uname -p = arm
/bin/uname -X     = unknown

/bin/arch              = unknown
/usr/bin/arch -k       = unknown
/usr/convex/getsysinfo = unknown
/usr/bin/hostinfo      = Mach kernel version:
	 Darwin Kernel Version 23.2.0: Wed Nov 15 21:53:34 PST 2023; root:xnu-10002.61.3~2/RELEASE_ARM64_T8103
Kernel configured for up to 8 processors.
8 processors are physically available.
8 processors are logically available.
Processor type: arm64e (ARM64E)
Processors active: 0 1 2 3 4 5 6 7
Primary memory available: 8.00 gigabytes
Default processor set: 451 tasks, 2483 threads, 8 processors
Load average: 1.59, Mach factor: 6.40
/bin/machine           = unknown
/usr/bin/oslevel       = unknown
/bin/universe          = unknown

PATH: /opt/homebrew/opt/ruby/bin/
PATH: ./bin/
PATH: ./node_modules/.bin/
PATH: /Users/timchap96/.nvm/versions/node/v21.5.0/bin/
PATH: /Users/timchap96/.rbenv/shims/
PATH: /Users/timchap96/.rbenv/bin/
PATH: /opt/homebrew/bin/
PATH: /opt/homebrew/sbin/
PATH: /Users/timchap96/.pyenv/bin/
PATH: /usr/local/bin/
PATH: /System/Cryptexes/App/usr/bin/
PATH: /usr/bin/
PATH: /bin/
PATH: /usr/sbin/
PATH: /sbin/
PATH: /var/run/com.apple.security.cryptexd/codex.system/bootstrap/usr/local/bin/
PATH: /var/run/com.apple.security.cryptexd/codex.system/bootstrap/usr/bin/
PATH: /var/run/com.apple.security.cryptexd/codex.system/bootstrap/usr/appleinternal/bin/
PATH: /usr/local/sbin/


## ----------- ##
## Core tests. ##
## ----------- ##

configure:2871: looking for aux files: compile missing install-sh
configure:2884:  trying ./
configure:2913:   ./compile found
configure:2913:   ./missing found
configure:2895:   ./install-sh found
configure:3042: checking for a BSD-compatible install
configure:3115: result: /usr/bin/install -c
configure:3126: checking whether build environment is sane
configure:3181: result: yes
configure:3340: checking for a race-free mkdir -p
configure:3384: result: ./install-sh -c -d
configure:3391: checking for gawk
configure:3426: result: no
configure:3391: checking for mawk
configure:3426: result: no
configure:3391: checking for nawk
configure:3426: result: no
configure:3391: checking for awk
configure:3412: found /usr/bin/awk
configure:3423: result: awk
configure:3434: checking whether make sets $(MAKE)
configure:3457: result: yes
configure:3487: checking whether make supports nested variables
configure:3505: result: yes
configure:3721: checking for g++
configure:3742: found /usr/bin/g++
configure:3753: result: g++
configure:3780: checking for C++ compiler version
configure:3789: g++ --version >&5
Apple clang version 15.0.0 (clang-1500.1.0.2.5)
Target: arm64-apple-darwin23.2.0
Thread model: posix
InstalledDir: /Library/Developer/CommandLineTools/usr/bin
configure:3800: $? = 0
configure:3789: g++ -v >&5
Apple clang version 15.0.0 (clang-1500.1.0.2.5)
Target: arm64-apple-darwin23.2.0
Thread model: posix
InstalledDir: /Library/Developer/CommandLineTools/usr/bin
configure:3800: $? = 0
configure:3789: g++ -V >&5
clang: error: argument to '-V' is missing (expected 1 value)
clang: error: no input files
configure:3800: $? = 1
configure:3789: g++ -qversion >&5
clang: error: unknown argument '-qversion'; did you mean '--version'?
clang: error: no input files
configure:3800: $? = 1
configure:3820: checking whether the C++ compiler works
configure:3842: g++    conftest.cpp  >&5
configure:3846: $? = 0
configure:3896: result: yes
configure:3899: checking for C++ compiler default output file name
configure:3901: result: a.out
configure:3907: checking for suffix of executables
configure:3914: g++ -o conftest    conftest.cpp  >&5
configure:3918: $? = 0
configure:3941: result: 
configure:3963: checking whether we are cross compiling
configure:3971: g++ -o conftest    conftest.cpp  >&5
configure:3975: $? = 0
configure:3982: ./conftest
configure:3986: $? = 0
configure:4001: result: no
configure:4006: checking for suffix of object files
configure:4029: g++ -c   conftest.cpp >&5
configure:4033: $? = 0
configure:4055: result: o
configure:4059: checking whether the compiler supports GNU C++
configure:4079: g++ -c   conftest.cpp >&5
configure:4079: $? = 0
configure:4089: result: yes
configure:4100: checking whether g++ accepts -g
configure:4121: g++ -c -g  conftest.cpp >&5
configure:4121: $? = 0
configure:4165: result: yes
configure:4185: checking for g++ option to enable C++11 features
configure:4200: g++  -c -g -O2  conftest.cpp >&5
conftest.cpp:57:3: error: "Compiler does not advertise C++11 conformance"
# error "Compiler does not advertise C++11 conformance"
  ^
conftest.cpp:62:3: error: unknown type name 'constexpr'
  constexpr int get_val() { return 20; }
  ^
conftest.cpp:74:17: error: delegating constructors are permitted only in C++11
    delegate(): delegate(2354) {}
                ^~~~~~~~
conftest.cpp:85:26: warning: 'override' keyword is a C++11 extension [-Wc++11-extensions]
    virtual int getval() override final { return this->n * 2; }
                         ^
conftest.cpp:85:35: warning: 'final' keyword is a C++11 extension [-Wc++11-extensions]
    virtual int getval() override final { return this->n * 2; }
                                  ^
conftest.cpp:92:16: warning: defaulted function definitions are a C++11 extension [-Wc++11-extensions]
    nocopy() = default;
               ^
conftest.cpp:93:29: warning: deleted function definitions are a C++11 extension [-Wc++11-extensions]
    nocopy(const nocopy&) = delete;
                            ^
conftest.cpp:94:41: warning: deleted function definitions are a C++11 extension [-Wc++11-extensions]
    nocopy & operator=(const nocopy&) = delete;
                                        ^
conftest.cpp:106:25: warning: 'auto' type specifier is a C++11 extension [-Wc++11-extensions]
  template <typename V> auto sum(V first) -> V
                        ^
conftest.cpp:106:25: error: 'auto' not allowed in function return type
  template <typename V> auto sum(V first) -> V
                        ^~~~
conftest.cpp:106:42: error: expected ';' at end of declaration
  template <typename V> auto sum(V first) -> V
                                         ^
                                         ;
conftest.cpp:106:43: error: cannot use arrow operator on a type
  template <typename V> auto sum(V first) -> V
                                          ^
conftest.cpp:110:33: warning: variadic templates are a C++11 extension [-Wc++11-extensions]
  template <typename V, typename... Args> auto sum(V first, Args... rest) -> V
                                ^
conftest.cpp:110:43: warning: 'auto' type specifier is a C++11 extension [-Wc++11-extensions]
  template <typename V, typename... Args> auto sum(V first, Args... rest) -> V
                                          ^
conftest.cpp:110:43: error: 'auto' not allowed in function return type
  template <typename V, typename... Args> auto sum(V first, Args... rest) -> V
                                          ^~~~
conftest.cpp:110:74: error: expected ';' at end of declaration
  template <typename V, typename... Args> auto sum(V first, Args... rest) -> V
                                                                         ^
                                                                         ;
conftest.cpp:110:75: error: cannot use arrow operator on a type
  template <typename V, typename... Args> auto sum(V first, Args... rest) -> V
                                                                          ^
conftest.cpp:134:3: warning: 'auto' type specifier is a C++11 extension [-Wc++11-extensions]
  auto a1 = 6538;
  ^
conftest.cpp:135:3: warning: 'auto' type specifier is a C++11 extension [-Wc++11-extensions]
  auto a2 = 48573953.4;
  ^
conftest.cpp:136:3: warning: 'auto' type specifier is a C++11 extension [-Wc++11-extensions]
  auto a3 = "String literal";
  ^
conftest.cpp:139:8: warning: 'auto' type specifier is a C++11 extension [-Wc++11-extensions]
  for (auto i = a3; *i; ++i) { total += *i; }
       ^
conftest.cpp:155:8: warning: 'auto' type specifier is a C++11 extension [-Wc++11-extensions]
  for (auto &x : array) { x += 23; }
       ^
conftest.cpp:155:16: warning: range-based for loop is a C++11 extension [-Wc++11-extensions]
  for (auto &x : array) { x += 23; }
               ^
conftest.cpp:160:17: error: expected expression
  assert (eval ([](int x) { return x*2; }, 21) == 42);
                ^
conftest.cpp:162:17: error: expected expression
  assert (eval ([&](double x) { return d += x; }, 3.0) == 5.0);
                ^
conftest.cpp:164:17: error: expected expression
  assert (eval ([=](double x) mutable { return d += x; }, 4.0) == 9.0);
                ^
conftest.cpp:170:3: warning: 'auto' type specifier is a C++11 extension [-Wc++11-extensions]
  auto a = sum(1);
  ^
conftest.cpp:170:12: error: no matching function for call to 'sum'
  auto a = sum(1);
           ^~~
conftest.cpp:171:3: warning: 'auto' type specifier is a C++11 extension [-Wc++11-extensions]
  auto b = sum(1, 2);
  ^
conftest.cpp:171:12: error: no matching function for call to 'sum'
  auto b = sum(1, 2);
           ^~~
conftest.cpp:172:3: warning: 'auto' type specifier is a C++11 extension [-Wc++11-extensions]
  auto c = sum(1.0, 2.0, 3.0);
  ^
conftest.cpp:172:12: error: no matching function for call to 'sum'
  auto c = sum(1.0, 2.0, 3.0);
           ^~~
conftest.cpp:177:25: warning: empty parentheses interpreted as a function declaration [-Wvexing-parse]
  cxx11test::delegate d2();
                        ^~
conftest.cpp:177:25: note: remove parentheses to declare a variable
  cxx11test::delegate d2();
                        ^~
conftest.cpp:190:16: error: found '<::' after a template name which forms the digraph '<:' (aka '[') and a ':', did you mean '< ::'?
  test_template<::test_template<int>> v(test_template<int>(12));
               ^~~
               < ::
conftest.cpp:190:36: error: a space is required between consecutive right angle brackets (use '> >')
  test_template<::test_template<int>> v(test_template<int>(12));
                                   ^~
                                   > >
conftest.cpp:194:22: error: use of undeclared identifier 'u8'
  char const *utf8 = u8"UTF-8 string \u2500";
                     ^
conftest.cpp:194:24: error: expected ';' at end of declaration
  char const *utf8 = u8"UTF-8 string \u2500";
                       ^
                       ;
fatal error: too many errors emitted, stopping now [-ferror-limit=]
18 warnings and 20 errors generated.
configure:4200: $? = 1
configure: failed program was:
| /* confdefs.h */
| #define PACKAGE_NAME "jdepp"
| #define PACKAGE_TARNAME "jdepp"
| #define PACKAGE_VERSION "2022-03-18"
| #define PACKAGE_STRING "jdepp 2022-03-18"
| #define PACKAGE_BUGREPORT "ynaga@tkl.iis.u-tokyo.ac.jp"
| #define PACKAGE_URL ""
| #define PACKAGE "jdepp"
| #define VERSION "2022-03-18"
| /* end confdefs.h.  */
| 
| // Does the compiler advertise C++98 conformance?
| #if !defined __cplusplus || __cplusplus < 199711L
| # error "Compiler does not advertise C++98 conformance"
| #endif
| 
| // These inclusions are to reject old compilers that
| // lack the unsuffixed header files.
| #include <cstdlib>
| #include <exception>
| 
| // <cassert> and <cstring> are *not* freestanding headers in C++98.
| extern void assert (int);
| namespace std {
|   extern int strcmp (const char *, const char *);
| }
| 
| // Namespaces, exceptions, and templates were all added after "C++ 2.0".
| using std::exception;
| using std::strcmp;
| 
| namespace {
| 
| void test_exception_syntax()
| {
|   try {
|     throw "test";
|   } catch (const char *s) {
|     // Extra parentheses suppress a warning when building autoconf itself,
|     // due to lint rules shared with more typical C programs.
|     assert (!(strcmp) (s, "test"));
|   }
| }
| 
| template <typename T> struct test_template
| {
|   T const val;
|   explicit test_template(T t) : val(t) {}
|   template <typename U> T add(U u) { return static_cast<T>(u) + val; }
| };
| 
| } // anonymous namespace
| 
| 
| // Does the compiler advertise C++ 2011 conformance?
| #if !defined __cplusplus || __cplusplus < 201103L
| # error "Compiler does not advertise C++11 conformance"
| #endif
| 
| namespace cxx11test
| {
|   constexpr int get_val() { return 20; }
| 
|   struct testinit
|   {
|     int i;
|     double d;
|   };
| 
|   class delegate
|   {
|   public:
|     delegate(int n) : n(n) {}
|     delegate(): delegate(2354) {}
| 
|     virtual int getval() { return this->n; };
|   protected:
|     int n;
|   };
| 
|   class overridden : public delegate
|   {
|   public:
|     overridden(int n): delegate(n) {}
|     virtual int getval() override final { return this->n * 2; }
|   };
| 
|   class nocopy
|   {
|   public:
|     nocopy(int i): i(i) {}
|     nocopy() = default;
|     nocopy(const nocopy&) = delete;
|     nocopy & operator=(const nocopy&) = delete;
|   private:
|     int i;
|   };
| 
|   // for testing lambda expressions
|   template <typename Ret, typename Fn> Ret eval(Fn f, Ret v)
|   {
|     return f(v);
|   }
| 
|   // for testing variadic templates and trailing return types
|   template <typename V> auto sum(V first) -> V
|   {
|     return first;
|   }
|   template <typename V, typename... Args> auto sum(V first, Args... rest) -> V
|   {
|     return first + sum(rest...);
|   }
| }
| 
| 
| int
| main (int argc, char **argv)
| {
|   int ok = 0;
|   
|   assert (argc);
|   assert (! argv[0]);
| {
|   test_exception_syntax ();
|   test_template<double> tt (2.0);
|   assert (tt.add (4) == 6.0);
|   assert (true && !false);
| }
| 
|   
| {
|   // Test auto and decltype
|   auto a1 = 6538;
|   auto a2 = 48573953.4;
|   auto a3 = "String literal";
| 
|   int total = 0;
|   for (auto i = a3; *i; ++i) { total += *i; }
| 
|   decltype(a2) a4 = 34895.034;
| }
| {
|   // Test constexpr
|   short sa[cxx11test::get_val()] = { 0 };
| }
| {
|   // Test initializer lists
|   cxx11test::testinit il = { 4323, 435234.23544 };
| }
| {
|   // Test range-based for
|   int array[] = {9, 7, 13, 15, 4, 18, 12, 10, 5, 3,
|                  14, 19, 17, 8, 6, 20, 16, 2, 11, 1};
|   for (auto &x : array) { x += 23; }
| }
| {
|   // Test lambda expressions
|   using cxx11test::eval;
|   assert (eval ([](int x) { return x*2; }, 21) == 42);
|   double d = 2.0;
|   assert (eval ([&](double x) { return d += x; }, 3.0) == 5.0);
|   assert (d == 5.0);
|   assert (eval ([=](double x) mutable { return d += x; }, 4.0) == 9.0);
|   assert (d == 5.0);
| }
| {
|   // Test use of variadic templates
|   using cxx11test::sum;
|   auto a = sum(1);
|   auto b = sum(1, 2);
|   auto c = sum(1.0, 2.0, 3.0);
| }
| {
|   // Test constructor delegation
|   cxx11test::delegate d1;
|   cxx11test::delegate d2();
|   cxx11test::delegate d3(45);
| }
| {
|   // Test override and final
|   cxx11test::overridden o1(55464);
| }
| {
|   // Test nullptr
|   char *c = nullptr;
| }
| {
|   // Test template brackets
|   test_template<::test_template<int>> v(test_template<int>(12));
| }
| {
|   // Unicode literals
|   char const *utf8 = u8"UTF-8 string \u2500";
|   char16_t const *utf16 = u"UTF-8 string \u2500";
|   char32_t const *utf32 = U"UTF-32 string \u2500";
| }
| 
|   return ok;
| }
| 
configure:4218: result: none needed
configure:4285: checking whether make supports the include directive
configure:4300: make -f confmf.GNU && cat confinc.out
this is the am__doit target
configure:4303: $? = 0
configure:4322: result: yes (GNU style)
configure:4348: checking dependency style of g++
configure:4460: result: gcc3
configure:4537: checking for gcc
configure:4558: found /usr/bin/gcc
configure:4569: result: gcc
configure:4922: checking for C compiler version
configure:4931: gcc --version >&5
Apple clang version 15.0.0 (clang-1500.1.0.2.5)
Target: arm64-apple-darwin23.2.0
Thread model: posix
InstalledDir: /Library/Developer/CommandLineTools/usr/bin
configure:4942: $? = 0
configure:4931: gcc -v >&5
Apple clang version 15.0.0 (clang-1500.1.0.2.5)
Target: arm64-apple-darwin23.2.0
Thread model: posix
InstalledDir: /Library/Developer/CommandLineTools/usr/bin
configure:4942: $? = 0
configure:4931: gcc -V >&5
clang: error: argument to '-V' is missing (expected 1 value)
clang: error: no input files
configure:4942: $? = 1
configure:4931: gcc -qversion >&5
clang: error: unknown argument '-qversion'; did you mean '--version'?
clang: error: no input files
configure:4942: $? = 1
configure:4931: gcc -version >&5
clang: error: unknown argument '-version'; did you mean '--version'?
clang: error: no input files
configure:4942: $? = 1
configure:4946: checking whether the compiler supports GNU C
configure:4966: gcc -c   conftest.c >&5
configure:4966: $? = 0
configure:4976: result: yes
configure:4987: checking whether gcc accepts -g
configure:5008: gcc -c -g  conftest.c >&5
configure:5008: $? = 0
configure:5052: result: yes
configure:5072: checking for gcc option to enable C11 features
configure:5087: gcc  -c -g -O2  conftest.c >&5
conftest.c:25:14: warning: a function definition without a prototype is deprecated in all versions of C and is not supported in C2x [-Wdeprecated-non-prototype]
static char *e (p, i)
             ^
1 warning generated.
configure:5087: $? = 0
configure:5105: result: none needed
configure:5221: checking whether gcc understands -c and -o together
configure:5244: gcc -c conftest.c -o conftest2.o
configure:5247: $? = 0
configure:5244: gcc -c conftest.c -o conftest2.o
configure:5247: $? = 0
configure:5259: result: yes
configure:5278: checking dependency style of gcc
configure:5390: result: gcc3
configure:5409: checking for gawk
configure:5441: result: awk
configure:5453: checking whether ln -s works
configure:5457: result: yes
configure:5474: checking for stdio.h
configure:5474: g++ -c -g -O2  conftest.cpp >&5
configure:5474: $? = 0
configure:5474: result: yes
configure:5474: checking for stdlib.h
configure:5474: g++ -c -g -O2  conftest.cpp >&5
configure:5474: $? = 0
configure:5474: result: yes
configure:5474: checking for string.h
configure:5474: g++ -c -g -O2  conftest.cpp >&5
configure:5474: $? = 0
configure:5474: result: yes
configure:5474: checking for inttypes.h
configure:5474: g++ -c -g -O2  conftest.cpp >&5
configure:5474: $? = 0
configure:5474: result: yes
configure:5474: checking for stdint.h
configure:5474: g++ -c -g -O2  conftest.cpp >&5
configure:5474: $? = 0
configure:5474: result: yes
configure:5474: checking for strings.h
configure:5474: g++ -c -g -O2  conftest.cpp >&5
configure:5474: $? = 0
configure:5474: result: yes
configure:5474: checking for sys/stat.h
configure:5474: g++ -c -g -O2  conftest.cpp >&5
configure:5474: $? = 0
configure:5474: result: yes
configure:5474: checking for sys/types.h
configure:5474: g++ -c -g -O2  conftest.cpp >&5
configure:5474: $? = 0
configure:5474: result: yes
configure:5474: checking for unistd.h
configure:5474: g++ -c -g -O2  conftest.cpp >&5
configure:5474: $? = 0
configure:5474: result: yes
configure:5499: checking for fcntl.h
configure:5499: g++ -c -g -O2  conftest.cpp >&5
configure:5499: $? = 0
configure:5499: result: yes
configure:5505: checking for stdint.h
configure:5505: result: yes
configure:5511: checking for sys/time.h
configure:5511: g++ -c -g -O2  conftest.cpp >&5
configure:5511: $? = 0
configure:5511: result: yes
configure:5517: checking for unistd.h
configure:5517: result: yes
configure:5526: checking for _Bool
configure:5526: g++ -c -g -O2  conftest.cpp >&5
conftest.cpp:56:13: error: use of undeclared identifier '_Bool'
if (sizeof (_Bool))
            ^
1 error generated.
configure:5526: $? = 1
configure: failed program was:
| /* confdefs.h */
| #define PACKAGE_NAME "jdepp"
| #define PACKAGE_TARNAME "jdepp"
| #define PACKAGE_VERSION "2022-03-18"
| #define PACKAGE_STRING "jdepp 2022-03-18"
| #define PACKAGE_BUGREPORT "ynaga@tkl.iis.u-tokyo.ac.jp"
| #define PACKAGE_URL ""
| #define PACKAGE "jdepp"
| #define VERSION "2022-03-18"
| #define HAVE_STDIO_H 1
| #define HAVE_STDLIB_H 1
| #define HAVE_STRING_H 1
| #define HAVE_INTTYPES_H 1
| #define HAVE_STDINT_H 1
| #define HAVE_STRINGS_H 1
| #define HAVE_SYS_STAT_H 1
| #define HAVE_SYS_TYPES_H 1
| #define HAVE_UNISTD_H 1
| #define STDC_HEADERS 1
| #define HAVE_FCNTL_H 1
| #define HAVE_STDINT_H 1
| #define HAVE_SYS_TIME_H 1
| #define HAVE_UNISTD_H 1
| /* end confdefs.h.  */
| #include <stddef.h>
| #ifdef HAVE_STDIO_H
| # include <stdio.h>
| #endif
| #ifdef HAVE_STDLIB_H
| # include <stdlib.h>
| #endif
| #ifdef HAVE_STRING_H
| # include <string.h>
| #endif
| #ifdef HAVE_INTTYPES_H
| # include <inttypes.h>
| #endif
| #ifdef HAVE_STDINT_H
| # include <stdint.h>
| #endif
| #ifdef HAVE_STRINGS_H
| # include <strings.h>
| #endif
| #ifdef HAVE_SYS_TYPES_H
| # include <sys/types.h>
| #endif
| #ifdef HAVE_SYS_STAT_H
| # include <sys/stat.h>
| #endif
| #ifdef HAVE_UNISTD_H
| # include <unistd.h>
| #endif
| int
| main (void)
| {
| if (sizeof (_Bool))
| 	 return 0;
|   ;
|   return 0;
| }
configure:5526: result: no
configure:5535: checking for stdbool.h that conforms to C99
configure:5651: g++ -c -g -O2  conftest.cpp >&5
conftest.cpp:79:17: error: "bool is not defined"
               #error "bool is not defined"
                ^
conftest.cpp:82:17: error: "false is not defined"
               #error "false is not defined"
                ^
conftest.cpp:85:17: error: "true is not defined"
               #error "true is not defined"
                ^
conftest.cpp:110:25: warning: address of 's' will always evaluate to 'true' [-Wpointer-bool-conversion]
             bool ps = &s;
                  ~~    ^
conftest.cpp:123:40: warning: address of array 'o' will always evaluate to 'true' [-Wpointer-bool-conversion]
                                      ~^
conftest.cpp:123:35: warning: address of array 'n' will always evaluate to 'true' [-Wpointer-bool-conversion]
                                 ~^
conftest.cpp:123:30: warning: address of array 'm' will always evaluate to 'true' [-Wpointer-bool-conversion]
                            ~^
conftest.cpp:123:25: warning: address of array 'l' will always evaluate to 'true' [-Wpointer-bool-conversion]
                       ~^
conftest.cpp:122:73: warning: address of array 'k' will always evaluate to 'true' [-Wpointer-bool-conversion]
             return (!a + !b + !c + !d + !e + !f + !g + !h + !i + !j + !k
                                                                       ~^
conftest.cpp:122:68: warning: address of array 'j' will always evaluate to 'true' [-Wpointer-bool-conversion]
             return (!a + !b + !c + !d + !e + !f + !g + !h + !i + !j + !k
                                                                  ~^
conftest.cpp:122:63: warning: address of array 'i' will always evaluate to 'true' [-Wpointer-bool-conversion]
             return (!a + !b + !c + !d + !e + !f + !g + !h + !i + !j + !k
                                                             ~^
conftest.cpp:122:38: warning: address of array 'd' will always evaluate to 'true' [-Wpointer-bool-conversion]
             return (!a + !b + !c + !d + !e + !f + !g + !h + !i + !j + !k
                                    ~^
conftest.cpp:122:33: warning: address of array 'c' will always evaluate to 'true' [-Wpointer-bool-conversion]
             return (!a + !b + !c + !d + !e + !f + !g + !h + !i + !j + !k
                               ~^
conftest.cpp:122:28: warning: address of array 'b' will always evaluate to 'true' [-Wpointer-bool-conversion]
             return (!a + !b + !c + !d + !e + !f + !g + !h + !i + !j + !k
                          ~^
conftest.cpp:122:23: warning: address of array 'a' will always evaluate to 'true' [-Wpointer-bool-conversion]
             return (!a + !b + !c + !d + !e + !f + !g + !h + !i + !j + !k
                     ~^
12 warnings and 3 errors generated.
configure:5651: $? = 1
configure: failed program was:
| /* confdefs.h */
| #define PACKAGE_NAME "jdepp"
| #define PACKAGE_TARNAME "jdepp"
| #define PACKAGE_VERSION "2022-03-18"
| #define PACKAGE_STRING "jdepp 2022-03-18"
| #define PACKAGE_BUGREPORT "ynaga@tkl.iis.u-tokyo.ac.jp"
| #define PACKAGE_URL ""
| #define PACKAGE "jdepp"
| #define VERSION "2022-03-18"
| #define HAVE_STDIO_H 1
| #define HAVE_STDLIB_H 1
| #define HAVE_STRING_H 1
| #define HAVE_INTTYPES_H 1
| #define HAVE_STDINT_H 1
| #define HAVE_STRINGS_H 1
| #define HAVE_SYS_STAT_H 1
| #define HAVE_SYS_TYPES_H 1
| #define HAVE_UNISTD_H 1
| #define STDC_HEADERS 1
| #define HAVE_FCNTL_H 1
| #define HAVE_STDINT_H 1
| #define HAVE_SYS_TIME_H 1
| #define HAVE_UNISTD_H 1
| /* end confdefs.h.  */
| #include <stdbool.h>
| 
|              #ifndef __bool_true_false_are_defined
|                #error "__bool_true_false_are_defined is not defined"
|              #endif
|              char a[__bool_true_false_are_defined == 1 ? 1 : -1];
| 
|              /* Regardless of whether this is C++ or "_Bool" is a
|                 valid type name, "true" and "false" should be usable
|                 in #if expressions and integer constant expressions,
|                 and "bool" should be a valid type name.  */
| 
|              #if !true
|                #error "'true' is not true"
|              #endif
|              #if true != 1
|                #error "'true' is not equal to 1"
|              #endif
|              char b[true == 1 ? 1 : -1];
|              char c[true];
| 
|              #if false
|                #error "'false' is not false"
|              #endif
|              #if false != 0
|                #error "'false' is not equal to 0"
|              #endif
|              char d[false == 0 ? 1 : -1];
| 
|              enum { e = false, f = true, g = false * true, h = true * 256 };
| 
|              char i[(bool) 0.5 == true ? 1 : -1];
|              char j[(bool) 0.0 == false ? 1 : -1];
|              char k[sizeof (bool) > 0 ? 1 : -1];
| 
|              struct sb { bool s: 1; bool t; } s;
|              char l[sizeof s.t > 0 ? 1 : -1];
| 
|              /* The following fails for
|                 HP aC++/ANSI C B3910B A.05.55 [Dec 04 2003]. */
|              bool m[h];
|              char n[sizeof m == h * sizeof m[0] ? 1 : -1];
|              char o[-1 - (bool) 0 < 0 ? 1 : -1];
|              /* Catch a bug in an HP-UX C compiler.  See
|          https://gcc.gnu.org/ml/gcc-patches/2003-12/msg02303.html
|          https://lists.gnu.org/archive/html/bug-coreutils/2005-11/msg00161.html
|               */
|              bool p = true;
|              bool *pp = &p;
| 
|              /* C 1999 specifies that bool, true, and false are to be
|                 macros, but C++ 2011 and later overrule this.  */
|              #if __cplusplus < 201103
|               #ifndef bool
|                #error "bool is not defined"
|               #endif
|               #ifndef false
|                #error "false is not defined"
|               #endif
|               #ifndef true
|                #error "true is not defined"
|               #endif
|              #endif
| 
|              /* If _Bool is available, repeat with it all the tests
|                 above that used bool.  */
|              #ifdef HAVE__BOOL
|                struct sB { _Bool s: 1; _Bool t; } t;
| 
|                char q[(_Bool) 0.5 == true ? 1 : -1];
|                char r[(_Bool) 0.0 == false ? 1 : -1];
|                char u[sizeof (_Bool) > 0 ? 1 : -1];
|                char v[sizeof t.t > 0 ? 1 : -1];
| 
|                _Bool w[h];
|                char x[sizeof m == h * sizeof m[0] ? 1 : -1];
|                char y[-1 - (_Bool) 0 < 0 ? 1 : -1];
|                _Bool z = true;
|                _Bool *pz = &p;
|              #endif
| 
| int
| main (void)
| {
| 
|              bool ps = &s;
|              *pp |= p;
|              *pp |= ! p;
| 
|              #ifdef HAVE__BOOL
|                _Bool pt = &t;
|                *pz |= z;
|                *pz |= ! z;
|              #endif
| 
|              /* Refer to every declared value, so they cannot be
|                 discarded as unused.  */
|              return (!a + !b + !c + !d + !e + !f + !g + !h + !i + !j + !k
|                      + !l + !m + !n + !o + !p + !pp + !ps
|              #ifdef HAVE__BOOL
|                      + !q + !r + !u + !v + !w + !x + !y + !z + !pt
|              #endif
|                     );
| 
|   ;
|   return 0;
| }
configure:5659: result: no
configure:5668: checking for inline
configure:5685: g++ -c -g -O2  conftest.cpp >&5
configure:5685: $? = 0
configure:5694: result: inline
configure:5712: checking for int64_t
configure:5712: g++ -c -g -O2  conftest.cpp >&5
configure:5712: $? = 0
configure:5712: g++ -c -g -O2  conftest.cpp >&5
conftest.cpp:58:53: warning: overflow in expression; result is -9223372036854775808 with type 'int64_t' (aka 'long long') [-Winteger-overflow]
                 < (int64_t) (((((int64_t) 1 << N) << N) - 1) * 2 + 2))];
                                                                  ^
conftest.cpp:57:24: error: 'test_array' declared as an array with a negative size
static int test_array [1 - 2 * !((int64_t) (((((int64_t) 1 << N) << N) - 1) * 2 + 1)
                       ^~~~~~~~~~~~~~~~~~~~~~~~~~~~~~~~~~~~~~~~~~~~~~~~~~~~~~~~~~~~~
1 warning and 1 error generated.
configure:5712: $? = 1
configure: failed program was:
| /* confdefs.h */
| #define PACKAGE_NAME "jdepp"
| #define PACKAGE_TARNAME "jdepp"
| #define PACKAGE_VERSION "2022-03-18"
| #define PACKAGE_STRING "jdepp 2022-03-18"
| #define PACKAGE_BUGREPORT "ynaga@tkl.iis.u-tokyo.ac.jp"
| #define PACKAGE_URL ""
| #define PACKAGE "jdepp"
| #define VERSION "2022-03-18"
| #define HAVE_STDIO_H 1
| #define HAVE_STDLIB_H 1
| #define HAVE_STRING_H 1
| #define HAVE_INTTYPES_H 1
| #define HAVE_STDINT_H 1
| #define HAVE_STRINGS_H 1
| #define HAVE_SYS_STAT_H 1
| #define HAVE_SYS_TYPES_H 1
| #define HAVE_UNISTD_H 1
| #define STDC_HEADERS 1
| #define HAVE_FCNTL_H 1
| #define HAVE_STDINT_H 1
| #define HAVE_SYS_TIME_H 1
| #define HAVE_UNISTD_H 1
| /* end confdefs.h.  */
| #include <stddef.h>
| #ifdef HAVE_STDIO_H
| # include <stdio.h>
| #endif
| #ifdef HAVE_STDLIB_H
| # include <stdlib.h>
| #endif
| #ifdef HAVE_STRING_H
| # include <string.h>
| #endif
| #ifdef HAVE_INTTYPES_H
| # include <inttypes.h>
| #endif
| #ifdef HAVE_STDINT_H
| # include <stdint.h>
| #endif
| #ifdef HAVE_STRINGS_H
| # include <strings.h>
| #endif
| #ifdef HAVE_SYS_TYPES_H
| # include <sys/types.h>
| #endif
| #ifdef HAVE_SYS_STAT_H
| # include <sys/stat.h>
| #endif
| #ifdef HAVE_UNISTD_H
| # include <unistd.h>
| #endif
| 	        enum { N = 64 / 2 - 1 };
| int
| main (void)
| {
| static int test_array [1 - 2 * !((int64_t) (((((int64_t) 1 << N) << N) - 1) * 2 + 1)
| 		 < (int64_t) (((((int64_t) 1 << N) << N) - 1) * 2 + 2))];
| test_array [0] = 0;
| return test_array [0];
| 
|   ;
|   return 0;
| }
configure:5712: result: yes
configure:5721: checking for mode_t
configure:5721: g++ -c -g -O2  conftest.cpp >&5
configure:5721: $? = 0
configure:5721: g++ -c -g -O2  conftest.cpp >&5
conftest.cpp:56:21: error: expected expression
if (sizeof ((mode_t)))
                    ^
1 error generated.
configure:5721: $? = 1
configure: failed program was:
| /* confdefs.h */
| #define PACKAGE_NAME "jdepp"
| #define PACKAGE_TARNAME "jdepp"
| #define PACKAGE_VERSION "2022-03-18"
| #define PACKAGE_STRING "jdepp 2022-03-18"
| #define PACKAGE_BUGREPORT "ynaga@tkl.iis.u-tokyo.ac.jp"
| #define PACKAGE_URL ""
| #define PACKAGE "jdepp"
| #define VERSION "2022-03-18"
| #define HAVE_STDIO_H 1
| #define HAVE_STDLIB_H 1
| #define HAVE_STRING_H 1
| #define HAVE_INTTYPES_H 1
| #define HAVE_STDINT_H 1
| #define HAVE_STRINGS_H 1
| #define HAVE_SYS_STAT_H 1
| #define HAVE_SYS_TYPES_H 1
| #define HAVE_UNISTD_H 1
| #define STDC_HEADERS 1
| #define HAVE_FCNTL_H 1
| #define HAVE_STDINT_H 1
| #define HAVE_SYS_TIME_H 1
| #define HAVE_UNISTD_H 1
| /* end confdefs.h.  */
| #include <stddef.h>
| #ifdef HAVE_STDIO_H
| # include <stdio.h>
| #endif
| #ifdef HAVE_STDLIB_H
| # include <stdlib.h>
| #endif
| #ifdef HAVE_STRING_H
| # include <string.h>
| #endif
| #ifdef HAVE_INTTYPES_H
| # include <inttypes.h>
| #endif
| #ifdef HAVE_STDINT_H
| # include <stdint.h>
| #endif
| #ifdef HAVE_STRINGS_H
| # include <strings.h>
| #endif
| #ifdef HAVE_SYS_TYPES_H
| # include <sys/types.h>
| #endif
| #ifdef HAVE_SYS_STAT_H
| # include <sys/stat.h>
| #endif
| #ifdef HAVE_UNISTD_H
| # include <unistd.h>
| #endif
| int
| main (void)
| {
| if (sizeof ((mode_t)))
| 	    return 0;
|   ;
|   return 0;
| }
configure:5721: result: yes
configure:5731: checking for size_t
configure:5731: g++ -c -g -O2  conftest.cpp >&5
configure:5731: $? = 0
configure:5731: g++ -c -g -O2  conftest.cpp >&5
conftest.cpp:56:21: error: expected expression
if (sizeof ((size_t)))
                    ^
1 error generated.
configure:5731: $? = 1
configure: failed program was:
| /* confdefs.h */
| #define PACKAGE_NAME "jdepp"
| #define PACKAGE_TARNAME "jdepp"
| #define PACKAGE_VERSION "2022-03-18"
| #define PACKAGE_STRING "jdepp 2022-03-18"
| #define PACKAGE_BUGREPORT "ynaga@tkl.iis.u-tokyo.ac.jp"
| #define PACKAGE_URL ""
| #define PACKAGE "jdepp"
| #define VERSION "2022-03-18"
| #define HAVE_STDIO_H 1
| #define HAVE_STDLIB_H 1
| #define HAVE_STRING_H 1
| #define HAVE_INTTYPES_H 1
| #define HAVE_STDINT_H 1
| #define HAVE_STRINGS_H 1
| #define HAVE_SYS_STAT_H 1
| #define HAVE_SYS_TYPES_H 1
| #define HAVE_UNISTD_H 1
| #define STDC_HEADERS 1
| #define HAVE_FCNTL_H 1
| #define HAVE_STDINT_H 1
| #define HAVE_SYS_TIME_H 1
| #define HAVE_UNISTD_H 1
| /* end confdefs.h.  */
| #include <stddef.h>
| #ifdef HAVE_STDIO_H
| # include <stdio.h>
| #endif
| #ifdef HAVE_STDLIB_H
| # include <stdlib.h>
| #endif
| #ifdef HAVE_STRING_H
| # include <string.h>
| #endif
| #ifdef HAVE_INTTYPES_H
| # include <inttypes.h>
| #endif
| #ifdef HAVE_STDINT_H
| # include <stdint.h>
| #endif
| #ifdef HAVE_STRINGS_H
| # include <strings.h>
| #endif
| #ifdef HAVE_SYS_TYPES_H
| # include <sys/types.h>
| #endif
| #ifdef HAVE_SYS_STAT_H
| # include <sys/stat.h>
| #endif
| #ifdef HAVE_UNISTD_H
| # include <unistd.h>
| #endif
| int
| main (void)
| {
| if (sizeof ((size_t)))
| 	    return 0;
|   ;
|   return 0;
| }
configure:5731: result: yes
configure:5741: checking for ssize_t
configure:5741: g++ -c -g -O2  conftest.cpp >&5
configure:5741: $? = 0
configure:5741: g++ -c -g -O2  conftest.cpp >&5
conftest.cpp:56:22: error: expected expression
if (sizeof ((ssize_t)))
                     ^
1 error generated.
configure:5741: $? = 1
configure: failed program was:
| /* confdefs.h */
| #define PACKAGE_NAME "jdepp"
| #define PACKAGE_TARNAME "jdepp"
| #define PACKAGE_VERSION "2022-03-18"
| #define PACKAGE_STRING "jdepp 2022-03-18"
| #define PACKAGE_BUGREPORT "ynaga@tkl.iis.u-tokyo.ac.jp"
| #define PACKAGE_URL ""
| #define PACKAGE "jdepp"
| #define VERSION "2022-03-18"
| #define HAVE_STDIO_H 1
| #define HAVE_STDLIB_H 1
| #define HAVE_STRING_H 1
| #define HAVE_INTTYPES_H 1
| #define HAVE_STDINT_H 1
| #define HAVE_STRINGS_H 1
| #define HAVE_SYS_STAT_H 1
| #define HAVE_SYS_TYPES_H 1
| #define HAVE_UNISTD_H 1
| #define STDC_HEADERS 1
| #define HAVE_FCNTL_H 1
| #define HAVE_STDINT_H 1
| #define HAVE_SYS_TIME_H 1
| #define HAVE_UNISTD_H 1
| /* end confdefs.h.  */
| #include <stddef.h>
| #ifdef HAVE_STDIO_H
| # include <stdio.h>
| #endif
| #ifdef HAVE_STDLIB_H
| # include <stdlib.h>
| #endif
| #ifdef HAVE_STRING_H
| # include <string.h>
| #endif
| #ifdef HAVE_INTTYPES_H
| # include <inttypes.h>
| #endif
| #ifdef HAVE_STDINT_H
| # include <stdint.h>
| #endif
| #ifdef HAVE_STRINGS_H
| # include <strings.h>
| #endif
| #ifdef HAVE_SYS_TYPES_H
| # include <sys/types.h>
| #endif
| #ifdef HAVE_SYS_STAT_H
| # include <sys/stat.h>
| #endif
| #ifdef HAVE_UNISTD_H
| # include <unistd.h>
| #endif
| int
| main (void)
| {
| if (sizeof ((ssize_t)))
| 	    return 0;
|   ;
|   return 0;
| }
configure:5741: result: yes
configure:5751: checking for uint16_t
configure:5751: g++ -c -g -O2  conftest.cpp >&5
configure:5751: $? = 0
configure:5751: result: yes
configure:5761: checking for uint64_t
configure:5761: g++ -c -g -O2  conftest.cpp >&5
configure:5761: $? = 0
configure:5761: result: yes
configure:5773: checking for uint8_t
configure:5773: g++ -c -g -O2  conftest.cpp >&5
configure:5773: $? = 0
configure:5773: result: yes
configure:5787: checking for working strtod
configure:5830: g++ -o conftest -g -O2   conftest.cpp  >&5
conftest.cpp:62:20: warning: conversion from string literal to 'char *' is deprecated [-Wc++11-compat-deprecated-writable-strings]
    char *string = " +69";
                   ^
conftest.cpp:73:20: warning: conversion from string literal to 'char *' is deprecated [-Wc++11-compat-deprecated-writable-strings]
    char *string = "NaN";
                   ^
2 warnings generated.
configure:5830: $? = 0
configure:5830: ./conftest
configure:5830: $? = 0
configure:5841: result: yes
configure:5903: checking for floor
configure:5903: g++ -o conftest -g -O2   conftest.cpp  >&5
configure:5903: $? = 0
configure:5903: result: yes
configure:5909: checking for gettimeofday
configure:5909: g++ -o conftest -g -O2   conftest.cpp  >&5
configure:5909: $? = 0
configure:5909: result: yes
configure:5915: checking for memchr
configure:5915: g++ -o conftest -g -O2   conftest.cpp  >&5
configure:5915: $? = 0
configure:5915: result: yes
configure:5921: checking for memmove
configure:5921: g++ -o conftest -g -O2   conftest.cpp  >&5
configure:5921: $? = 0
configure:5921: result: yes
configure:5927: checking for memset
configure:5927: g++ -o conftest -g -O2   conftest.cpp  >&5
configure:5927: $? = 0
configure:5927: result: yes
configure:5933: checking for pow
configure:5933: g++ -o conftest -g -O2   conftest.cpp  >&5
configure:5933: $? = 0
configure:5933: result: yes
configure:5939: checking for strstr
configure:5939: g++ -o conftest -g -O2   conftest.cpp  >&5
configure:5939: $? = 0
configure:5939: result: yes
configure:5945: checking for strtol
configure:5945: g++ -o conftest -g -O2   conftest.cpp  >&5
configure:5945: $? = 0
configure:5945: result: yes
configure:5951: checking for strtoul
configure:5951: g++ -o conftest -g -O2   conftest.cpp  >&5
configure:5951: $? = 0
configure:5951: result: yes
configure:5960: checking for curl
configure:5983: found /usr/bin/curl
configure:5996: result: /usr/bin/curl
configure:6006: checking for wget
configure:6029: found /opt/homebrew/bin/wget
configure:6042: result: /opt/homebrew/bin/wget
configure:6052: checking for iconv
configure:6075: found /usr/bin/iconv
configure:6088: result: /usr/bin/iconv
configure:6098: checking for python3
configure:6121: found /opt/homebrew/bin/python3
configure:6134: result: /opt/homebrew/bin/python3
configure:6173: g++ -o conftest -m64   conftest.cpp  >&5
configure:6173: $? = 0
configure:6173: ./conftest
configure:6173: $? = 0
configure:6267: checking for mecab
configure:6290: found /opt/homebrew/bin/mecab
configure:6303: result: /opt/homebrew/bin/mecab
configure:6415: checking for mecab-config
configure:6438: found /opt/homebrew/bin/mecab-config
configure:6451: result: /opt/homebrew/bin/mecab-config
configure:6779: checking for unordered_map
configure:6779: g++ -c -m64 -g -O2  conftest.cpp >&5
configure:6779: $? = 0
configure:6779: result: yes
configure:6925: g++ -o conftest -msse4.2 -m64 -g -O2 -O0   conftest.cpp  >&5
clang: warning: argument unused during compilation: '-msse4.2' [-Wunused-command-line-argument]
In file included from conftest.cpp:46:
/Library/Developer/CommandLineTools/usr/lib/clang/15.0.0/include/smmintrin.h:14:2: error: "This header is only meant to be used on x86 and x64 architecture"
#error "This header is only meant to be used on x86 and x64 architecture"
 ^
In file included from conftest.cpp:46:
In file included from /Library/Developer/CommandLineTools/usr/lib/clang/15.0.0/include/smmintrin.h:17:
/Library/Developer/CommandLineTools/usr/lib/clang/15.0.0/include/tmmintrin.h:14:2: error: "This header is only meant to be used on x86 and x64 architecture"
#error "This header is only meant to be used on x86 and x64 architecture"
 ^
In file included from conftest.cpp:46:
In file included from /Library/Developer/CommandLineTools/usr/lib/clang/15.0.0/include/smmintrin.h:17:
In file included from /Library/Developer/CommandLineTools/usr/lib/clang/15.0.0/include/tmmintrin.h:17:
/Library/Developer/CommandLineTools/usr/lib/clang/15.0.0/include/pmmintrin.h:14:2: error: "This header is only meant to be used on x86 and x64 architecture"
#error "This header is only meant to be used on x86 and x64 architecture"
 ^
In file included from conftest.cpp:46:
In file included from /Library/Developer/CommandLineTools/usr/lib/clang/15.0.0/include/smmintrin.h:17:
In file included from /Library/Developer/CommandLineTools/usr/lib/clang/15.0.0/include/tmmintrin.h:17:
In file included from /Library/Developer/CommandLineTools/usr/lib/clang/15.0.0/include/pmmintrin.h:17:
/Library/Developer/CommandLineTools/usr/lib/clang/15.0.0/include/emmintrin.h:14:2: error: "This header is only meant to be used on x86 and x64 architecture"
#error "This header is only meant to be used on x86 and x64 architecture"
 ^
In file included from conftest.cpp:46:
In file included from /Library/Developer/CommandLineTools/usr/lib/clang/15.0.0/include/smmintrin.h:17:
In file included from /Library/Developer/CommandLineTools/usr/lib/clang/15.0.0/include/tmmintrin.h:17:
In file included from /Library/Developer/CommandLineTools/usr/lib/clang/15.0.0/include/pmmintrin.h:17:
In file included from /Library/Developer/CommandLineTools/usr/lib/clang/15.0.0/include/emmintrin.h:17:
/Library/Developer/CommandLineTools/usr/lib/clang/15.0.0/include/xmmintrin.h:14:2: error: "This header is only meant to be used on x86 and x64 architecture"
#error "This header is only meant to be used on x86 and x64 architecture"
 ^
In file included from conftest.cpp:46:
In file included from /Library/Developer/CommandLineTools/usr/lib/clang/15.0.0/include/smmintrin.h:17:
In file included from /Library/Developer/CommandLineTools/usr/lib/clang/15.0.0/include/tmmintrin.h:17:
In file included from /Library/Developer/CommandLineTools/usr/lib/clang/15.0.0/include/pmmintrin.h:17:
In file included from /Library/Developer/CommandLineTools/usr/lib/clang/15.0.0/include/emmintrin.h:17:
In file included from /Library/Developer/CommandLineTools/usr/lib/clang/15.0.0/include/xmmintrin.h:17:
/Library/Developer/CommandLineTools/usr/lib/clang/15.0.0/include/mmintrin.h:14:2: error: "This header is only meant to be used on x86 and x64 architecture"
#error "This header is only meant to be used on x86 and x64 architecture"
 ^
/Library/Developer/CommandLineTools/usr/lib/clang/15.0.0/include/mmintrin.h:37:5: error: use of undeclared identifier '__builtin_ia32_emms'; did you mean '__builtin_isless'?
    __builtin_ia32_emms();
    ^
/Library/Developer/CommandLineTools/usr/lib/clang/15.0.0/include/mmintrin.h:37:5: note: '__builtin_isless' declared here
/Library/Developer/CommandLineTools/usr/lib/clang/15.0.0/include/mmintrin.h:37:25: error: too few arguments to function call, expected 2, have 0
    __builtin_ia32_emms();
    ~~~~~~~~~~~~~~~~~~~~^
/Library/Developer/CommandLineTools/usr/lib/clang/15.0.0/include/mmintrin.h:54:19: error: use of undeclared identifier '__builtin_ia32_vec_init_v2si'
    return (__m64)__builtin_ia32_vec_init_v2si(__i, 0);
                  ^
/Library/Developer/CommandLineTools/usr/lib/clang/15.0.0/include/mmintrin.h:71:12: error: use of undeclared identifier '__builtin_ia32_vec_ext_v2si'
    return __builtin_ia32_vec_ext_v2si((__v2si)__m, 0);
           ^
/Library/Developer/CommandLineTools/usr/lib/clang/15.0.0/include/mmintrin.h:133:19: error: use of undeclared identifier '__builtin_ia32_packsswb'
    return (__m64)__builtin_ia32_packsswb((__v4hi)__m1, (__v4hi)__m2);
                  ^
/Library/Developer/CommandLineTools/usr/lib/clang/15.0.0/include/mmintrin.h:163:19: error: use of undeclared identifier '__builtin_ia32_packssdw'
    return (__m64)__builtin_ia32_packssdw((__v2si)__m1, (__v2si)__m2);
                  ^
/Library/Developer/CommandLineTools/usr/lib/clang/15.0.0/include/mmintrin.h:193:19: error: use of undeclared identifier '__builtin_ia32_packuswb'
    return (__m64)__builtin_ia32_packuswb((__v4hi)__m1, (__v4hi)__m2);
                  ^
/Library/Developer/CommandLineTools/usr/lib/clang/15.0.0/include/mmintrin.h:220:19: error: use of undeclared identifier '__builtin_ia32_punpckhbw'
    return (__m64)__builtin_ia32_punpckhbw((__v8qi)__m1, (__v8qi)__m2);
                  ^
/Library/Developer/CommandLineTools/usr/lib/clang/15.0.0/include/mmintrin.h:243:19: error: use of undeclared identifier '__builtin_ia32_punpckhwd'
    return (__m64)__builtin_ia32_punpckhwd((__v4hi)__m1, (__v4hi)__m2);
                  ^
/Library/Developer/CommandLineTools/usr/lib/clang/15.0.0/include/mmintrin.h:264:19: error: use of undeclared identifier '__builtin_ia32_punpckhdq'
    return (__m64)__builtin_ia32_punpckhdq((__v2si)__m1, (__v2si)__m2);
                  ^
/Library/Developer/CommandLineTools/usr/lib/clang/15.0.0/include/mmintrin.h:291:19: error: use of undeclared identifier '__builtin_ia32_punpcklbw'
    return (__m64)__builtin_ia32_punpcklbw((__v8qi)__m1, (__v8qi)__m2);
                  ^
/Library/Developer/CommandLineTools/usr/lib/clang/15.0.0/include/mmintrin.h:314:19: error: use of undeclared identifier '__builtin_ia32_punpcklwd'
    return (__m64)__builtin_ia32_punpcklwd((__v4hi)__m1, (__v4hi)__m2);
                  ^
/Library/Developer/CommandLineTools/usr/lib/clang/15.0.0/include/mmintrin.h:335:19: error: use of undeclared identifier '__builtin_ia32_punpckldq'
    return (__m64)__builtin_ia32_punpckldq((__v2si)__m1, (__v2si)__m2);
                  ^
fatal error: too many errors emitted, stopping now [-ferror-limit=]
20 errors generated.
configure:6925: $? = 1
configure: program exited with status 1
configure: failed program was:
| /* confdefs.h */
| #define PACKAGE_NAME "jdepp"
| #define PACKAGE_TARNAME "jdepp"
| #define PACKAGE_VERSION "2022-03-18"
| #define PACKAGE_STRING "jdepp 2022-03-18"
| #define PACKAGE_BUGREPORT "ynaga@tkl.iis.u-tokyo.ac.jp"
| #define PACKAGE_URL ""
| #define PACKAGE "jdepp"
| #define VERSION "2022-03-18"
| #define HAVE_STDIO_H 1
| #define HAVE_STDLIB_H 1
| #define HAVE_STRING_H 1
| #define HAVE_INTTYPES_H 1
| #define HAVE_STDINT_H 1
| #define HAVE_STRINGS_H 1
| #define HAVE_SYS_STAT_H 1
| #define HAVE_SYS_TYPES_H 1
| #define HAVE_UNISTD_H 1
| #define STDC_HEADERS 1
| #define HAVE_FCNTL_H 1
| #define HAVE_STDINT_H 1
| #define HAVE_SYS_TIME_H 1
| #define HAVE_UNISTD_H 1
| #define HAVE_FLOOR 1
| #define HAVE_GETTIMEOFDAY 1
| #define HAVE_MEMCHR 1
| #define HAVE_MEMMOVE 1
| #define HAVE_MEMSET 1
| #define HAVE_POW 1
| #define HAVE_STRSTR 1
| #define HAVE_STRTOL 1
| #define HAVE_STRTOUL 1
| #define IOBUF_SIZE 262144
| #define USE_CEDAR 1
| #define TRIE_SUFFIX "cda"
| #define USE_MECAB 1
| #define USE_IPA_POS 1
| #define SURFACE_END '\t'
| #define FEATURE_SEP ','
| #define USE_FST_AS_DEFAULT 1
| #define DEFAULT_CLASSIFIER FST
| #define USE_TIMER 1
| #define HAVE_UNORDERED_MAP 1
| #define USE_HASH 1
| /* end confdefs.h.  */
| #include <smmintrin.h>
| int
| main (void)
| {
| return _mm_popcnt_u64 (0);
|   ;
|   return 0;
| }
configure:6932: WARNING: 16bit table-driven popcount is used instead of SSE4.2.
configure:7219: checking that generated files are newer than configure
configure:7225: result: done
configure:7252: creating ./config.status

## ---------------------- ##
## Running config.status. ##
## ---------------------- ##

This file was extended by jdepp config.status 2022-03-18, which was
generated by GNU Autoconf 2.71.  Invocation command line was

  CONFIG_FILES    = 
  CONFIG_HEADERS  = 
  CONFIG_LINKS    = 
  CONFIG_COMMANDS = 
  $ ./config.status 

on Tims-MacBook-Air.local

config.status:911: creating Makefile
config.status:911: creating src/Makefile
config.status:911: creating tools/Makefile
config.status:911: creating config.h
config.status:1140: executing depfiles commands
config.status:1217: cd src       && sed -e '/# am--include-marker/d' Makefile         | make -f - am--depfiles
config.status:1222: $? = 0

## ---------------- ##
## Cache variables. ##
## ---------------- ##

ac_cv_c_compiler_gnu=yes
ac_cv_c_inline=inline
ac_cv_c_int64_t=yes
ac_cv_c_uint16_t=yes
ac_cv_c_uint64_t=yes
ac_cv_c_uint8_t=yes
ac_cv_cxx_compiler_gnu=yes
ac_cv_env_CCC_set=
ac_cv_env_CCC_value=
ac_cv_env_CC_set=
ac_cv_env_CC_value=
ac_cv_env_CFLAGS_set=
ac_cv_env_CFLAGS_value=
ac_cv_env_CPPFLAGS_set=
ac_cv_env_CPPFLAGS_value=
ac_cv_env_CXXFLAGS_set=
ac_cv_env_CXXFLAGS_value=
ac_cv_env_CXX_set=
ac_cv_env_CXX_value=
ac_cv_env_LDFLAGS_set=
ac_cv_env_LDFLAGS_value=
ac_cv_env_LIBS_set=
ac_cv_env_LIBS_value=
ac_cv_env_build_alias_set=
ac_cv_env_build_alias_value=
ac_cv_env_host_alias_set=
ac_cv_env_host_alias_value=
ac_cv_env_target_alias_set=
ac_cv_env_target_alias_value=
ac_cv_func_floor=yes
ac_cv_func_gettimeofday=yes
ac_cv_func_memchr=yes
ac_cv_func_memmove=yes
ac_cv_func_memset=yes
ac_cv_func_pow=yes
ac_cv_func_strstr=yes
ac_cv_func_strtod=yes
ac_cv_func_strtol=yes
ac_cv_func_strtoul=yes
ac_cv_header_fcntl_h=yes
ac_cv_header_inttypes_h=yes
ac_cv_header_stdbool_h=no
ac_cv_header_stdint_h=yes
ac_cv_header_stdio_h=yes
ac_cv_header_stdlib_h=yes
ac_cv_header_string_h=yes
ac_cv_header_strings_h=yes
ac_cv_header_sys_stat_h=yes
ac_cv_header_sys_time_h=yes
ac_cv_header_sys_types_h=yes
ac_cv_header_unistd_h=yes
ac_cv_header_unordered_map=yes
ac_cv_objext=o
ac_cv_path_CURL=/usr/bin/curl
ac_cv_path_ICONV=/usr/bin/iconv
ac_cv_path_MECAB_CONFIG=/opt/homebrew/bin/mecab-config
ac_cv_path_POS_TAGGER=/opt/homebrew/bin/mecab
ac_cv_path_PYTHON3=/opt/homebrew/bin/python3
ac_cv_path_WGET=/opt/homebrew/bin/wget
ac_cv_path_install='/usr/bin/install -c'
ac_cv_prog_AWK=awk
ac_cv_prog_ac_ct_CC=gcc
ac_cv_prog_ac_ct_CXX=g++
ac_cv_prog_cc_c11=
ac_cv_prog_cc_g=yes
ac_cv_prog_cc_stdc=
ac_cv_prog_cxx_11=no
ac_cv_prog_cxx_g=yes
ac_cv_prog_cxx_stdcxx=
ac_cv_prog_make_make_set=yes
ac_cv_type__Bool=no
ac_cv_type_mode_t=yes
ac_cv_type_size_t=yes
ac_cv_type_ssize_t=yes
am_cv_CC_dependencies_compiler_type=gcc3
am_cv_CXX_dependencies_compiler_type=gcc3
am_cv_make_support_nested_variables=yes
am_cv_prog_cc_c_o=yes

## ----------------- ##
## Output variables. ##
## ----------------- ##

ACLOCAL='${SHELL} '\''/Users/timchap96/code/flashcard-maker/jdepp-2022-03-18/missing'\'' aclocal-1.16'
AMDEPBACKSLASH='\'
AMDEP_FALSE='#'
AMDEP_TRUE=''
AMTAR='$${TAR-tar}'
AM_BACKSLASH='\'
AM_DEFAULT_V='$(AM_DEFAULT_VERBOSITY)'
AM_DEFAULT_VERBOSITY='1'
AM_V='$(V)'
AUTOCONF='${SHELL} '\''/Users/timchap96/code/flashcard-maker/jdepp-2022-03-18/missing'\'' autoconf'
AUTOHEADER='${SHELL} '\''/Users/timchap96/code/flashcard-maker/jdepp-2022-03-18/missing'\'' autoheader'
AUTOMAKE='${SHELL} '\''/Users/timchap96/code/flashcard-maker/jdepp-2022-03-18/missing'\'' automake-1.16'
AWK='awk'
CC='gcc'
CCDEPMODE='depmode=gcc3'
CFLAGS='-g -O2'
CHUNKER_CLASSIFIER_OPT='-s 0.02 -i 5'
CHUNKER_LEARNER_OPT='-t 1 -d 2 -c 0.0008 -i 40 -p'
CLASSIFIER='2ndPolyFST'
CORPUS='knbc'
CPPFLAGS=''
CSCOPE='cscope'
CTAGS='ctags'
CURL='/usr/bin/curl'
CXX='g++'
CXXDEPMODE='depmode=gcc3'
CXXFLAGS='-m64 -g -O2'
CYGPATH_W='echo'
DEFS='-DHAVE_CONFIG_H'
DEPDIR='.deps'
ECHO_C='\c'
ECHO_N=''
ECHO_T=''
ETAGS='etags'
EXEEXT=''
ICONV='/usr/bin/iconv'
INSTALL_DATA='${INSTALL} -m 644'
INSTALL_PROGRAM='${INSTALL}'
INSTALL_SCRIPT='${INSTALL}'
INSTALL_STRIP_PROGRAM='$(install_sh) -c -s'
JDEPP_CPPFLAGS=' -DJDEPP_DEFAULT_MODEL=\"${exec_prefix}/lib/jdepp/model/knbc\"'
JDEPP_LDFLAGS=''
JDEPP_MODEL_DIR='${exec_prefix}/lib/jdepp/model'
JDEPP_OBJ=' timer.o kernel.o'
KNBC_CONV='/opt/homebrew/bin/python3 $(abs_top_srcdir)/tools/knbc2kyoto.py KNP | /opt/homebrew/bin/python3 $(abs_top_srcdir)/tools/replace_pos.py /opt/homebrew/bin/mecab -d /opt/homebrew/lib/mecab/dic/ipadic'
KNBC_CORPUS_DIR='/Users/timchap96/code/flashcard-maker/jdepp-2022-03-18/KNBC_v1.0_090925'
KYOTO_CONV='/opt/homebrew/bin/python3 $(abs_top_srcdir)/tools/replace_pos.py /opt/homebrew/bin/mecab -d /opt/homebrew/lib/mecab/dic/ipadic'
KYOTO_CORPUS_DIR='/Users/timchap96/code/flashcard-maker/jdepp-2022-03-18/KyotoCorpus4.0'
LDFLAGS=''
LIBOBJS=''
LIBS=''
LN_S='ln -s'
LTLIBOBJS=''
MAKEINFO='${SHELL} '\''/Users/timchap96/code/flashcard-maker/jdepp-2022-03-18/missing'\'' makeinfo'
MECAB_CONFIG='/opt/homebrew/bin/mecab-config'
MKDIR_P='./install-sh -c -d'
OBJEXT='o'
PACKAGE='jdepp'
PACKAGE_BUGREPORT='ynaga@tkl.iis.u-tokyo.ac.jp'
PACKAGE_NAME='jdepp'
PACKAGE_STRING='jdepp 2022-03-18'
PACKAGE_TARNAME='jdepp'
PACKAGE_URL=''
PACKAGE_VERSION='2022-03-18'
PARSER_CLASSIFIER_OPT='-s 0.005 -i 5'
PARSER_LEARNER_OPT='-t 1 -d 2 -c 0.00005 -i 40 -p'
PATH_SEPARATOR=':'
POS_TAGGER='/opt/homebrew/bin/mecab'
POW_LIB=''
PYTHON3='/opt/homebrew/bin/python3'
SET_MAKE=''
SHELL='/bin/sh'
STRIP=''
UNIVERSAL_CONV='/opt/homebrew/bin/python3 $(abs_top_srcdir)/tools/conll2kyoto.py KNP | /usr/bin/iconv -f UTF-8 -t EUC-JP --unicode-subst= | /opt/homebrew/bin/python3 $(abs_top_srcdir)/tools/replace_pos.py /opt/homebrew/bin/mecab -d /opt/homebrew/lib/mecab/dic/ipadic'
UNIVERSAL_CORPUS_DIR='/Users/timchap96/code/flashcard-maker/jdepp-2022-03-18/universal_treebanks_v2.1'
VERSION='2022-03-18'
WGET='/opt/homebrew/bin/wget'
ac_ct_CC='gcc'
ac_ct_CXX='g++'
am__EXEEXT_FALSE=''
am__EXEEXT_TRUE='#'
am__fastdepCC_FALSE='#'
am__fastdepCC_TRUE=''
am__fastdepCXX_FALSE='#'
am__fastdepCXX_TRUE=''
am__include='include'
am__isrc=''
am__leading_dot='.'
am__nodep='_no'
am__quote=''
am__tar='$${TAR-tar} chof - "$$tardir"'
am__untar='$${TAR-tar} xf -'
bindir='${exec_prefix}/bin'
build_alias=''
datadir='${datarootdir}'
datarootdir='${prefix}/share'
docdir='${datarootdir}/doc/${PACKAGE_TARNAME}'
dvidir='${docdir}'
exec_prefix='${prefix}'
host_alias=''
htmldir='${docdir}'
includedir='${prefix}/include'
infodir='${datarootdir}/info'
install_sh='${SHELL} /Users/timchap96/code/flashcard-maker/jdepp-2022-03-18/install-sh'
libdir='${exec_prefix}/lib'
libexecdir='${exec_prefix}/libexec'
localedir='${datarootdir}/locale'
localstatedir='${prefix}/var'
mandir='${datarootdir}/man'
mkdir_p='$(MKDIR_P)'
oldincludedir='/usr/include'
pdfdir='${docdir}'
prefix='/usr/local'
program_transform_name='s,x,x,'
psdir='${docdir}'
runstatedir='${localstatedir}/run'
sbindir='${exec_prefix}/sbin'
sharedstatedir='${prefix}/com'
sysconfdir='${prefix}/etc'
target_alias=''

## ----------- ##
## confdefs.h. ##
## ----------- ##

/* confdefs.h */
#define PACKAGE_NAME "jdepp"
#define PACKAGE_TARNAME "jdepp"
#define PACKAGE_VERSION "2022-03-18"
#define PACKAGE_STRING "jdepp 2022-03-18"
#define PACKAGE_BUGREPORT "ynaga@tkl.iis.u-tokyo.ac.jp"
#define PACKAGE_URL ""
#define PACKAGE "jdepp"
#define VERSION "2022-03-18"
#define HAVE_STDIO_H 1
#define HAVE_STDLIB_H 1
#define HAVE_STRING_H 1
#define HAVE_INTTYPES_H 1
#define HAVE_STDINT_H 1
#define HAVE_STRINGS_H 1
#define HAVE_SYS_STAT_H 1
#define HAVE_SYS_TYPES_H 1
#define HAVE_UNISTD_H 1
#define STDC_HEADERS 1
#define HAVE_FCNTL_H 1
#define HAVE_STDINT_H 1
#define HAVE_SYS_TIME_H 1
#define HAVE_UNISTD_H 1
#define HAVE_FLOOR 1
#define HAVE_GETTIMEOFDAY 1
#define HAVE_MEMCHR 1
#define HAVE_MEMMOVE 1
#define HAVE_MEMSET 1
#define HAVE_POW 1
#define HAVE_STRSTR 1
#define HAVE_STRTOL 1
#define HAVE_STRTOUL 1
#define IOBUF_SIZE 262144
#define USE_CEDAR 1
#define TRIE_SUFFIX "cda"
#define USE_MECAB 1
#define USE_IPA_POS 1
#define SURFACE_END '\t'
#define FEATURE_SEP ','
#define USE_FST_AS_DEFAULT 1
#define DEFAULT_CLASSIFIER FST
#define USE_TIMER 1
#define HAVE_UNORDERED_MAP 1
#define USE_HASH 1
#define USE_PRUNING 1
#define USE_ARRAY_TRIE 1
#define NDEBUG 1
#define USE_OPAL 1
#define MAX_NUM_CLASSES 1024
#define USE_KERNEL 1

configure: exit 0
